<?xml version="1.0" encoding="UTF-8"?>
<testsuite xmlns:xsi="http://www.w3.org/2001/XMLSchema-instance" xsi:noNamespaceSchemaLocation="https://maven.apache.org/surefire/maven-surefire-plugin/xsd/surefire-test-report.xsd" name="TestUserDataChangeParam" time="6.905" tests="6" errors="0" skipped="0" failures="0">
  <properties>
[...]
</properties>
  <testcase name="testSuccessfulChangeUserFieldsWithAuth[Тестовые данные: guns1129111@yandex.ru123, password123, Andrey]" classname="TestUserDataChangeParam" time="1.774"/>
  <testcase name="testErrorChangeUserFieldsWithoutAuth[Тестовые данные: guns1129111@yandex.ru123, password123, Andrey]" classname="TestUserDataChangeParam" time="0.446"/>
  <testcase name="testSuccessfulChangeUserFieldsWithAuth[Тестовые данные: guns1129111@yandex.ru, password123123, Andrey]" classname="TestUserDataChangeParam" time="1.703"/>
  <testcase name="testErrorChangeUserFieldsWithoutAuth[Тестовые данные: guns1129111@yandex.ru, password123123, Andrey]" classname="TestUserDataChangeParam" time="0.539"/>
  <testcase name="testSuccessfulChangeUserFieldsWithAuth[Тестовые данные: guns1129111@yandex.ru, password123, Andrey123]" classname="TestUserDataChangeParam" time="1.815"/>
  <testcase name="testErrorChangeUserFieldsWithoutAuth[Тестовые данные: guns1129111@yandex.ru, password123, Andrey123]" classname="TestUserDataChangeParam" time="0.62"/>
</testsuite>